\BOOKMARK [0][-]{chapter*.1}{\376\377\144\130\211\201}{}% 1
\BOOKMARK [0][-]{chapter.1}{\376\377\137\025\212\000}{}% 2
\BOOKMARK [1][-]{section.1.1}{\376\377\170\024\172\166\200\314\146\157}{chapter.1}% 3
\BOOKMARK [1][-]{section.1.2}{\376\377\170\024\172\166\166\356\150\007}{chapter.1}% 4
\BOOKMARK [1][-]{section.1.3}{\376\377\135\345\172\013\155\101\154\064\176\277\151\202\211\310}{chapter.1}% 5
\BOOKMARK [0][-]{chapter.2}{\376\377\145\160\143\156\226\306\116\016\150\067\147\054\147\204\136\372}{}% 6
\BOOKMARK [1][-]{section.2.1}{\376\377\145\160\143\156\156\220}{chapter.2}% 7
\BOOKMARK [1][-]{section.2.2}{\376\377\116\073\227\007\040\023\117\131\227\007\150\067\147\054\133\232\116\111}{chapter.2}% 8
\BOOKMARK [1][-]{section.2.3}{\376\377\166\356\150\007\123\330\221\317\122\006\136\003}{chapter.2}% 9
\BOOKMARK [1][-]{section.2.4}{\376\377\145\351\147\037\117\131\227\007\211\302\155\113\221\317}{chapter.2}% 10
\BOOKMARK [0][-]{chapter.3}{\376\377\232\330\176\247\127\060\227\007\133\146\162\171\137\201\135\345\172\013}{}% 11
\BOOKMARK [1][-]{section.3.1}{\376\377\162\171\137\201\117\123\174\373\140\073\211\310}{chapter.3}% 12
\BOOKMARK [1][-]{section.3.2}{\376\377\000G\000u\000t\000e\000n\000b\000e\000r\000g\040\023\000R\000i\000c\000h\000t\000e\000r\000\040\133\232\137\213\116\016\133\214\145\164\140\047\227\007\176\247}{chapter.3}% 13
\BOOKMARK [1][-]{section.3.3}{\376\377\131\047\150\356\040\023\133\207\155\045\133\232\137\213\116\016\117\131\227\007\210\160\121\317}{chapter.3}% 14
\BOOKMARK [1][-]{section.3.4}{\376\377\000B\000\345\000t\000h\000'\000s\000\040\000L\000a\000w\000\040\116\016\145\351\147\037\147\000\131\047\117\131\227\007\177\072\123\343}{chapter.3}% 15
\BOOKMARK [1][-]{section.3.5}{\376\377\172\172\225\364\124\004\124\021\137\002\140\047\116\016\145\255\134\102\145\271\124\021\140\047}{chapter.3}% 16
\BOOKMARK [1][-]{section.3.6}{\376\377\147\204\220\040\200\314\146\157\116\016\227\007\156\220\147\072\122\066}{chapter.3}% 17
\BOOKMARK [1][-]{section.3.7}{\376\377\162\171\137\201\147\011\145\110\140\047\122\006\147\220}{chapter.3}% 18
\BOOKMARK [0][-]{chapter.4}{\376\377\152\041\127\213\145\271\154\325}{}% 19
\BOOKMARK [1][-]{section.4.1}{\376\377\147\072\126\150\133\146\116\140\127\372\176\277}{chapter.4}% 20
\BOOKMARK [1][-]{section.4.2}{\376\377\000T\000r\000a\000n\000s\000f\000o\000r\000m\000e\000r\000\040\123\314\217\223\121\145\207\215\124\010\152\041\127\213}{chapter.4}% 21
\BOOKMARK [1][-]{section.4.3}{\376\377\000S\000T\000-\000G\000N\000N\000\040\147\011\124\021\145\366\172\172\126\340\147\234\126\376}{chapter.4}% 22
\BOOKMARK [0][-]{chapter.5}{\376\377\213\304\117\060\117\123\174\373\116\016\226\062\154\304\157\017\213\276\213\241}{}% 23
\BOOKMARK [1][-]{section.5.1}{\376\377\145\366\225\364\136\217\122\027\116\244\123\311\232\214\213\301}{chapter.5}% 24
\BOOKMARK [1][-]{section.5.2}{\376\377\213\304\117\060\143\007\150\007}{chapter.5}% 25
\BOOKMARK [1][-]{section.5.3}{\376\377\155\361\136\246\133\146\116\140\230\204\131\004\164\006\226\062\154\304\157\017}{chapter.5}% 26
\BOOKMARK [0][-]{chapter.6}{\376\377\133\236\232\214\176\323\147\234\116\016\122\006\147\220}{}% 27
\BOOKMARK [1][-]{section.6.1}{\376\377\116\244\123\311\232\214\213\301\176\323\147\234}{chapter.6}% 28
\BOOKMARK [1][-]{section.6.2}{\376\377\000O\000O\000F\000\040\207\215\124\010}{chapter.6}% 29
\BOOKMARK [1][-]{section.6.3}{\376\377\155\113\213\325\136\217\122\027\143\320\116\244\176\323\147\234}{chapter.6}% 30
\BOOKMARK [1][-]{section.6.4}{\376\377\176\323\147\234\213\250\213\272}{chapter.6}% 31
\BOOKMARK [0][-]{chapter.7}{\376\377\135\345\172\013\123\026\131\015\163\260\116\016\220\350\177\162}{}% 32
\BOOKMARK [1][-]{section.7.1}{\376\377\230\171\166\356\152\041\127\127}{chapter.7}% 33
\BOOKMARK [1][-]{section.7.2}{\376\377\116\000\225\056\217\320\210\114}{chapter.7}% 34
\BOOKMARK [1][-]{section.7.3}{\376\377\123\357\131\015\163\260\140\047\143\247\122\066}{chapter.7}% 35
\BOOKMARK [0][-]{chapter.8}{\376\377\176\323\213\272\116\016\134\125\147\033}{}% 36
\BOOKMARK [0][-]{chapter*.21}{\376\377\123\302\200\003\145\207\163\056}{}% 37
\BOOKMARK [0][-]{appendix.A}{\376\377\226\104\137\125\377\032\121\163\225\056\124\175\116\344\116\016\116\247\162\151}{}% 38
\BOOKMARK [1][-]{section.A.1}{\376\377\142\245\124\112\215\104\116\247\165\037\142\020}{appendix.A}% 39
\BOOKMARK [1][-]{section.A.2}{\376\377\000L\000a\000T\000e\000X\000\040\177\026\213\321}{appendix.A}% 40
\BOOKMARK [1][-]{section.A.3}{\376\377\150\070\137\303\116\247\162\151}{appendix.A}% 41
